<?xml version="1.0" encoding="utf-8"?><testsuites><testsuite name="pytest" errors="0" failures="0" skipped="0" tests="5" time="0.025" timestamp="2025-04-14T14:20:08.252325+02:00" hostname="AAP-5CG4413V5G"><testcase classname="test_calc.TestCalc" name="test_add_floats" time="0.001" /><testcase classname="test_calc.TestCalc" name="test_add_integers" time="0.002" /><testcase classname="test_calc.TestCalc" name="test_add_string_and_integer" time="0.001" /><testcase classname="test_calc.TestCalc" name="test_add_string_and_number" time="0.000" /><testcase classname="test_calc.TestCalc" name="test_add_strings" time="0.000" /></testsuite></testsuites>